<?xml version="1.0" encoding="UTF-8"?><testrun name="CustomerTest" project="Project1" tests="5" started="5" failures="1" errors="0" ignored="0">
  <testsuite name="StanleysStorage.CustomerTest" time="0.001" uniqueid="[engine:junit-vintage]/[runner:StanleysStorage.CustomerTest]">
    <testcase name="testToString" classname="StanleysStorage.CustomerTest" time="0.0" displayname="testToString" uniqueid="[engine:junit-vintage]/[runner:StanleysStorage.CustomerTest]/[test:testToString(StanleysStorage.CustomerTest)]"/>
    <testcase name="testPhoneValidation" classname="StanleysStorage.CustomerTest" time="0.0" displayname="testPhoneValidation" uniqueid="[engine:junit-vintage]/[runner:StanleysStorage.CustomerTest]/[test:testPhoneValidation(StanleysStorage.CustomerTest)]">
      <failure>java.lang.AssertionError: Expected exception: java.lang.IllegalArgumentException
	at org.junit.internal.runners.statements.ExpectException.evaluate(ExpectException.java:32)
	at org.junit.internal.runners.statements.RunBefores.evaluate(RunBefores.java:26)
	at org.junit.internal.runners.statements.RunAfters.evaluate(RunAfters.java:27)
	at org.junit.runners.ParentRunner.runLeaf(ParentRunner.java:325)
	at org.junit.runners.BlockJUnit4ClassRunner.runChild(BlockJUnit4ClassRunner.java:78)
	at org.junit.runners.BlockJUnit4ClassRunner.runChild(BlockJUnit4ClassRunner.java:57)
	at org.junit.runners.ParentRunner$3.run(ParentRunner.java:290)
	at org.junit.runners.ParentRunner$1.schedule(ParentRunner.java:71)
	at org.junit.runners.ParentRunner.runChildren(ParentRunner.java:288)
	at org.junit.runners.ParentRunner.access$000(ParentRunner.java:58)
	at org.junit.runners.ParentRunner$2.evaluate(ParentRunner.java:268)
	at org.junit.runners.ParentRunner.run(ParentRunner.java:363)
	at org.junit.runner.JUnitCore.run(JUnitCore.java:137)
	at org.junit.runner.JUnitCore.run(JUnitCore.java:115)
	at org.junit.vintage.engine.execution.RunnerExecutor.execute(RunnerExecutor.java:42)
	at java.util.stream.ForEachOps$ForEachOp$OfRef.accept(ForEachOps.java:184)
	at java.util.stream.ReferencePipeline$3$1.accept(ReferencePipeline.java:193)
	at java.util.Iterator.forEachRemaining(Iterator.java:116)
	at java.util.Spliterators$IteratorSpliterator.forEachRemaining(Spliterators.java:1801)
	at java.util.stream.AbstractPipeline.copyInto(AbstractPipeline.java:481)
	at java.util.stream.AbstractPipeline.wrapAndCopyInto(AbstractPipeline.java:471)
	at java.util.stream.ForEachOps$ForEachOp.evaluateSequential(ForEachOps.java:151)
	at java.util.stream.ForEachOps$ForEachOp$OfRef.evaluateSequential(ForEachOps.java:174)
	at java.util.stream.AbstractPipeline.evaluate(AbstractPipeline.java:234)
	at java.util.stream.ReferencePipeline.forEach(ReferencePipeline.java:418)
	at org.junit.vintage.engine.VintageTestEngine.executeAllChildren(VintageTestEngine.java:83)
	at org.junit.vintage.engine.VintageTestEngine.execute(VintageTestEngine.java:74)
	at org.junit.platform.launcher.core.DefaultLauncher.execute(DefaultLauncher.java:170)
	at org.junit.platform.launcher.core.DefaultLauncher.execute(DefaultLauncher.java:154)
	at org.junit.platform.launcher.core.DefaultLauncher.execute(DefaultLauncher.java:90)
	at org.eclipse.jdt.internal.junit5.runner.JUnit5TestReference.run(JUnit5TestReference.java:86)
	at org.eclipse.jdt.internal.junit.runner.TestExecution.run(TestExecution.java:38)
	at org.eclipse.jdt.internal.junit.runner.RemoteTestRunner.runTests(RemoteTestRunner.java:538)
	at org.eclipse.jdt.internal.junit.runner.RemoteTestRunner.runTests(RemoteTestRunner.java:760)
	at org.eclipse.jdt.internal.junit.runner.RemoteTestRunner.run(RemoteTestRunner.java:460)
	at org.eclipse.jdt.internal.junit.runner.RemoteTestRunner.main(RemoteTestRunner.java:206)

</failure>
    </testcase>
    <testcase name="testBalanceCreditAndCharge" classname="StanleysStorage.CustomerTest" time="0.001" displayname="testBalanceCreditAndCharge" uniqueid="[engine:junit-vintage]/[runner:StanleysStorage.CustomerTest]/[test:testBalanceCreditAndCharge(StanleysStorage.CustomerTest)]"/>
    <testcase name="testConstructorAndGets" classname="StanleysStorage.CustomerTest" time="0.0" displayname="testConstructorAndGets" uniqueid="[engine:junit-vintage]/[runner:StanleysStorage.CustomerTest]/[test:testConstructorAndGets(StanleysStorage.CustomerTest)]"/>
    <testcase name="testSettersAndMethods" classname="StanleysStorage.CustomerTest" time="0.0" displayname="testSettersAndMethods" uniqueid="[engine:junit-vintage]/[runner:StanleysStorage.CustomerTest]/[test:testSettersAndMethods(StanleysStorage.CustomerTest)]"/>
  </testsuite>
</testrun>
